<?xml version="1.0" encoding="UTF-8"?>
<testng-results skipped="0" failed="0" ignored="0" total="1" passed="1">
  <reporter-output>
  </reporter-output>
  <suite name="Default suite" duration-ms="2834" started-at="2021-10-05T14:50:51 EDT" finished-at="2021-10-05T14:50:54 EDT">
    <groups>
    </groups>
    <test name="Default test" duration-ms="2834" started-at="2021-10-05T14:50:51 EDT" finished-at="2021-10-05T14:50:54 EDT">
      <class name="onlineshopping.NewTestNG">
        <test-method status="PASS" signature="f()[pri:0, instance:onlineshopping.NewTestNG@2833cc44]" name="f" duration-ms="2804" started-at="2021-10-05T14:50:51 EDT" finished-at="2021-10-05T14:50:54 EDT">
          <reporter-output>
          </reporter-output>
        </test-method> <!-- f -->
      </class> <!-- onlineshopping.NewTestNG -->
    </test> <!-- Default test -->
  </suite> <!-- Default suite -->
</testng-results>
